y:\assignment2\hkashgar\parallelsum\parallelsum\sum.opt.yaml
y:\assignment2\hkashgar\parallelsum\parallelsum\x64\debug\sum.obj
y:\assignment2\hkashgar\parallelsum\parallelsum\sequentialsum.opt.yaml
y:\assignment2\hkashgar\parallelsum\parallelsum\x64\debug\sequentialsum.obj
y:\assignment2\hkashgar\parallelsum\parallelsum\parallelsum.opt.yaml
y:\assignment2\hkashgar\parallelsum\parallelsum\x64\debug\parallelsum.obj
y:\assignment2\hkashgar\parallelsum\parallelsum\initialization.opt.yaml
y:\assignment2\hkashgar\parallelsum\parallelsum\x64\debug\initialization.obj
y:\assignment2\hkashgar\parallelsum\x64\debug\parallelsum.pdb
y:\assignment2\hkashgar\parallelsum\x64\debug\parallelsum.exe
y:\assignment2\hkashgar\parallelsum\parallelsum\x64\debug\parallelsum.tlog\icx-clang-cl.18028.delete.1.tlog
y:\assignment2\hkashgar\parallelsum\parallelsum\x64\debug\parallelsum.tlog\icx-clang-cl.18028.read.1.tlog
y:\assignment2\hkashgar\parallelsum\parallelsum\x64\debug\parallelsum.tlog\icx-clang-cl.18028.write.1.tlog
y:\assignment2\hkashgar\parallelsum\parallelsum\x64\debug\parallelsum.tlog\icx-clang-cl.1856.delete.1.tlog
y:\assignment2\hkashgar\parallelsum\parallelsum\x64\debug\parallelsum.tlog\icx-clang-cl.1856.read.1.tlog
y:\assignment2\hkashgar\parallelsum\parallelsum\x64\debug\parallelsum.tlog\icx-clang-cl.1856.write.1.tlog
y:\assignment2\hkashgar\parallelsum\parallelsum\x64\debug\parallelsum.tlog\icx-clang-cl.2928.delete.1.tlog
y:\assignment2\hkashgar\parallelsum\parallelsum\x64\debug\parallelsum.tlog\icx-clang-cl.2928.read.1.tlog
y:\assignment2\hkashgar\parallelsum\parallelsum\x64\debug\parallelsum.tlog\icx-clang-cl.2928.write.1.tlog
y:\assignment2\hkashgar\parallelsum\parallelsum\x64\debug\parallelsum.tlog\icx-clang-cl.6340.delete.1.tlog
y:\assignment2\hkashgar\parallelsum\parallelsum\x64\debug\parallelsum.tlog\icx-clang-cl.6340.read.1.tlog
y:\assignment2\hkashgar\parallelsum\parallelsum\x64\debug\parallelsum.tlog\icx-clang-cl.6340.write.1.tlog
y:\assignment2\hkashgar\parallelsum\parallelsum\x64\debug\parallelsum.tlog\icx-clang-cl.read.1.tlog
y:\assignment2\hkashgar\parallelsum\parallelsum\x64\debug\parallelsum.tlog\icx.command.1.tlog
y:\assignment2\hkashgar\parallelsum\parallelsum\x64\debug\parallelsum.tlog\icx.read.1.tlog
y:\assignment2\hkashgar\parallelsum\parallelsum\x64\debug\parallelsum.tlog\icx.write.1.tlog
y:\assignment2\hkashgar\parallelsum\parallelsum\x64\debug\parallelsum.tlog\xilink-lld-link.delete.1.tlog
y:\assignment2\hkashgar\parallelsum\parallelsum\x64\debug\parallelsum.tlog\xilink-lld-link.read.1.tlog
y:\assignment2\hkashgar\parallelsum\parallelsum\x64\debug\parallelsum.tlog\xilink-lld-link.read.2.tlog
y:\assignment2\hkashgar\parallelsum\parallelsum\x64\debug\parallelsum.tlog\xilink-lld-link.write.1.tlog
y:\assignment2\hkashgar\parallelsum\parallelsum\x64\debug\parallelsum.tlog\xilink.command.1.tlog
y:\assignment2\hkashgar\parallelsum\parallelsum\x64\debug\parallelsum.tlog\xilink.read.1.tlog
y:\assignment2\hkashgar\parallelsum\parallelsum\x64\debug\parallelsum.tlog\xilink.write.1.tlog
