y:\assignment2\hkashgar\parallelsum\parallelsum\sum.opt.yaml
y:\assignment2\hkashgar\parallelsum\parallelsum\x64\release\sum.obj
y:\assignment2\hkashgar\parallelsum\parallelsum\sequentialsum.opt.yaml
y:\assignment2\hkashgar\parallelsum\parallelsum\x64\release\sequentialsum.obj
y:\assignment2\hkashgar\parallelsum\parallelsum\parallelsum.opt.yaml
y:\assignment2\hkashgar\parallelsum\parallelsum\x64\release\parallelsum.obj
y:\assignment2\hkashgar\parallelsum\parallelsum\initialization.opt.yaml
y:\assignment2\hkashgar\parallelsum\parallelsum\x64\release\initialization.obj
y:\assignment2\hkashgar\parallelsum\x64\release\parallelsum.pdb
y:\assignment2\hkashgar\parallelsum\x64\release\parallelsum.exe
y:\assignment2\hkashgar\parallelsum\parallelsum\x64\release\parallelsum.tlog\icx-clang-cl.11884.delete.1.tlog
y:\assignment2\hkashgar\parallelsum\parallelsum\x64\release\parallelsum.tlog\icx-clang-cl.11884.read.1.tlog
y:\assignment2\hkashgar\parallelsum\parallelsum\x64\release\parallelsum.tlog\icx-clang-cl.11884.write.1.tlog
y:\assignment2\hkashgar\parallelsum\parallelsum\x64\release\parallelsum.tlog\icx-clang-cl.13516.delete.1.tlog
y:\assignment2\hkashgar\parallelsum\parallelsum\x64\release\parallelsum.tlog\icx-clang-cl.13516.read.1.tlog
y:\assignment2\hkashgar\parallelsum\parallelsum\x64\release\parallelsum.tlog\icx-clang-cl.13516.write.1.tlog
y:\assignment2\hkashgar\parallelsum\parallelsum\x64\release\parallelsum.tlog\icx-clang-cl.18648.delete.1.tlog
y:\assignment2\hkashgar\parallelsum\parallelsum\x64\release\parallelsum.tlog\icx-clang-cl.18648.read.1.tlog
y:\assignment2\hkashgar\parallelsum\parallelsum\x64\release\parallelsum.tlog\icx-clang-cl.18648.write.1.tlog
y:\assignment2\hkashgar\parallelsum\parallelsum\x64\release\parallelsum.tlog\icx-clang-cl.524.delete.1.tlog
y:\assignment2\hkashgar\parallelsum\parallelsum\x64\release\parallelsum.tlog\icx-clang-cl.524.read.1.tlog
y:\assignment2\hkashgar\parallelsum\parallelsum\x64\release\parallelsum.tlog\icx-clang-cl.524.write.1.tlog
y:\assignment2\hkashgar\parallelsum\parallelsum\x64\release\parallelsum.tlog\icx-clang-cl.read.1.tlog
y:\assignment2\hkashgar\parallelsum\parallelsum\x64\release\parallelsum.tlog\icx.command.1.tlog
y:\assignment2\hkashgar\parallelsum\parallelsum\x64\release\parallelsum.tlog\icx.read.1.tlog
y:\assignment2\hkashgar\parallelsum\parallelsum\x64\release\parallelsum.tlog\icx.write.1.tlog
y:\assignment2\hkashgar\parallelsum\parallelsum\x64\release\parallelsum.tlog\xilink-lld-link.delete.1.tlog
y:\assignment2\hkashgar\parallelsum\parallelsum\x64\release\parallelsum.tlog\xilink-lld-link.read.1.tlog
y:\assignment2\hkashgar\parallelsum\parallelsum\x64\release\parallelsum.tlog\xilink-lld-link.read.2.tlog
y:\assignment2\hkashgar\parallelsum\parallelsum\x64\release\parallelsum.tlog\xilink-lld-link.write.1.tlog
y:\assignment2\hkashgar\parallelsum\parallelsum\x64\release\parallelsum.tlog\xilink.command.1.tlog
y:\assignment2\hkashgar\parallelsum\parallelsum\x64\release\parallelsum.tlog\xilink.read.1.tlog
y:\assignment2\hkashgar\parallelsum\parallelsum\x64\release\parallelsum.tlog\xilink.write.1.tlog
