j:\spring2021\exams\finals\part3\instructor\datalayout\datalayout\x64\release\vc142.pdb
j:\spring2021\exams\finals\part3\instructor\datalayout\datalayout\x64\release\soa_layout.obj
j:\spring2021\exams\finals\part3\instructor\datalayout\datalayout\x64\release\functions.obj
j:\spring2021\exams\finals\part3\instructor\datalayout\datalayout\x64\release\datalayout.obj
j:\spring2021\exams\finals\part3\instructor\datalayout\datalayout\x64\release\aos_layout.obj
j:\spring2021\exams\finals\part3\instructor\datalayout\x64\release\datalayout.exe
j:\spring2021\exams\finals\part3\instructor\datalayout\datalayout\x64\release\datalayout.ipdb
j:\spring2021\exams\finals\part3\instructor\datalayout\datalayout\x64\release\datalayout.iobj
j:\spring2021\exams\finals\part3\instructor\datalayout\x64\release\datalayout.pdb
j:\spring2021\exams\finals\part3\instructor\datalayout\datalayout\x64\release\gpuaos_layout.cu.cache
j:\spring2021\exams\finals\part3\instructor\datalayout\datalayout\x64\release\gpuerrors.cu.cache
j:\spring2021\exams\finals\part3\instructor\datalayout\datalayout\x64\release\gpusoa_layout.cu.cache
j:\spring2021\exams\finals\part3\instructor\datalayout\datalayout\x64\release\gpuaos_layout.cu.obj
j:\spring2021\exams\finals\part3\instructor\datalayout\datalayout\x64\release\gpuerrors.cu.obj
j:\spring2021\exams\finals\part3\instructor\datalayout\datalayout\x64\release\gpusoa_layout.cu.obj
j:\spring2021\exams\finals\part3\instructor\datalayout\datalayout\x64\release\datalayout.tlog\cl.command.1.tlog
j:\spring2021\exams\finals\part3\instructor\datalayout\datalayout\x64\release\datalayout.tlog\cl.read.1.tlog
j:\spring2021\exams\finals\part3\instructor\datalayout\datalayout\x64\release\datalayout.tlog\cl.write.1.tlog
j:\spring2021\exams\finals\part3\instructor\datalayout\datalayout\x64\release\datalayout.tlog\cudacompile.read.1u.tlog
j:\spring2021\exams\finals\part3\instructor\datalayout\datalayout\x64\release\datalayout.tlog\cudacompile.write.1u.tlog
j:\spring2021\exams\finals\part3\instructor\datalayout\datalayout\x64\release\datalayout.tlog\link.command.1.tlog
j:\spring2021\exams\finals\part3\instructor\datalayout\datalayout\x64\release\datalayout.tlog\link.read.1.tlog
j:\spring2021\exams\finals\part3\instructor\datalayout\datalayout\x64\release\datalayout.tlog\link.write.1.tlog
