j:\spring2021\exams\finals\part3\instructor\datalayout\datalayout\x64\debug\vc142.pdb
j:\spring2021\exams\finals\part3\instructor\datalayout\datalayout\x64\debug\vc142.idb
j:\spring2021\exams\finals\part3\instructor\datalayout\datalayout\x64\debug\soa_layout.obj
j:\spring2021\exams\finals\part3\instructor\datalayout\datalayout\x64\debug\functions.obj
j:\spring2021\exams\finals\part3\instructor\datalayout\datalayout\x64\debug\datalayout.obj
j:\spring2021\exams\finals\part3\instructor\datalayout\datalayout\x64\debug\aos_layout.obj
x64\debug\gpuaos_layout.cu.obj
x64\debug\gpuerrors.cu.obj
x64\debug\gpusoa_layout.cu.obj
j:\spring2021\exams\finals\part3\instructor\datalayout\x64\debug\datalayout.ilk
j:\spring2021\exams\finals\part3\instructor\datalayout\x64\debug\datalayout.exe
j:\spring2021\exams\finals\part3\instructor\datalayout\x64\debug\datalayout.pdb
j:\spring2021\exams\finals\part3\instructor\datalayout\datalayout\x64\debug\gpuaos_layout.cu.cache
j:\spring2021\exams\finals\part3\instructor\datalayout\datalayout\x64\debug\gpuerrors.cu.cache
j:\spring2021\exams\finals\part3\instructor\datalayout\datalayout\x64\debug\gpusoa_layout.cu.cache
j:\spring2021\exams\finals\part3\instructor\datalayout\datalayout\x64\debug\gpuaos_layout.cu.obj
j:\spring2021\exams\finals\part3\instructor\datalayout\datalayout\x64\debug\gpuerrors.cu.obj
j:\spring2021\exams\finals\part3\instructor\datalayout\datalayout\x64\debug\gpusoa_layout.cu.obj
j:\spring2021\exams\finals\part3\instructor\datalayout\datalayout\x64\debug\datalayout.tlog\cl.command.1.tlog
j:\spring2021\exams\finals\part3\instructor\datalayout\datalayout\x64\debug\datalayout.tlog\cl.read.1.tlog
j:\spring2021\exams\finals\part3\instructor\datalayout\datalayout\x64\debug\datalayout.tlog\cl.write.1.tlog
j:\spring2021\exams\finals\part3\instructor\datalayout\datalayout\x64\debug\datalayout.tlog\cudacompile.read.1u.tlog
j:\spring2021\exams\finals\part3\instructor\datalayout\datalayout\x64\debug\datalayout.tlog\cudacompile.write.1u.tlog
j:\spring2021\exams\finals\part3\instructor\datalayout\datalayout\x64\debug\datalayout.tlog\link.command.1.tlog
j:\spring2021\exams\finals\part3\instructor\datalayout\datalayout\x64\debug\datalayout.tlog\link.read.1.tlog
j:\spring2021\exams\finals\part3\instructor\datalayout\datalayout\x64\debug\datalayout.tlog\link.write.1.tlog
